# JRE version: OpenJDK Runtime Environment Temurin-21.0.12.1+1 (21.0.12.1+1) (build 21.0.12.1+1-LTS)
# Java VM: OpenJDK 64-Bit Server VM Temurin-21.0.12.1+1 (21.0.12.1+1-LTS, mixed mode, sharing, tiered, compressed oops, compressed class ptrs, parallel gc, windows-amd64)
GC Precious Log:
 CardTable entry size: 512
 CPUs: 6 total, 6 available
 Memory: 8116M
 Large Page Support: Disabled
 NUMA Support: Disabled
 Compressed Oops: Enabled (32-bit)
 Alignments: Space 512K, Generation 512K, Heap 2M
 Heap Min Capacity: 100M
 Heap Initial Capacity: 100M
 Heap Max Capacity: 2G
 Pre-touch: Disabled
 Parallel Workers: 6
Heap:
 PSYoungGen      total 181760K, used 42716K [0x00000000d5580000, 0x00000000e1080000, 0x0000000100000000)
  eden space 176128K, 21% used [0x00000000d5580000,0x00000000d79bb2a0,0x00000000e0180000)
  from space 5632K, 99% used [0x00000000e0580000,0x00000000e0afc010,0x00000000e0b00000)
  to   space 3072K, 0% used [0x00000000e0d80000,0x00000000e0d80000,0x00000000e1080000)
 ParOldGen       total 884224K, used 654929K [0x0000000080000000, 0x00000000b5f80000, 0x00000000d5580000)
  object space 884224K, 74% used [0x0000000080000000,0x00000000a7f946b8,0x00000000b5f80000)
 Metaspace       used 91166K, committed 93184K, reserved 1179648K
  class space    used 9603K, committed 10496K, reserved 1048576K
GC Heap History (20 events):
Event: 498.626 GC heap before
{Heap before GC invocations=2192 (full 4):
 PSYoungGen      total 92160K, used 83456K [0x00000000d5580000, 0x00000000dc300000, 0x0000000100000000)
  eden space 75264K, 100% used [0x00000000d5580000,0x00000000d9f00000,0x00000000d9f00000)
  from space 16896K, 48% used [0x00000000d9f00000,0x00000000da700000,0x00000000daf80000)
  to   space 10752K, 0% used [0x00000000db880000,0x00000000db880000,0x00000000dc300000)
 ParOldGen       total 884224K, used 569709K [0x0000000080000000, 0x00000000b5f80000, 0x00000000d5580000)
  object space 884224K, 64% used [0x0000000080000000,0x00000000a2c5b620,0x00000000b5f80000)
 Metaspace       used 89224K, committed 91200K, reserved 1179648K
  class space    used 9495K, committed 10368K, reserved 1048576K
}
Event: 499.243 GC heap after
{Heap after GC invocations=2192 (full 4):
 PSYoungGen      total 98816K, used 8160K [0x00000000d5580000, 0x00000000dc080000, 0x0000000100000000)
  eden space 90624K, 0% used [0x00000000d5580000,0x00000000d5580000,0x00000000dae00000)
  from space 8192K, 99% used [0x00000000db880000,0x00000000dc078000,0x00000000dc080000)
  to   space 8704K, 0% used [0x00000000daf80000,0x00000000daf80000,0x00000000db800000)
 ParOldGen       total 884224K, used 577701K [0x0000000080000000, 0x00000000b5f80000, 0x00000000d5580000)
  object space 884224K, 65% used [0x0000000080000000,0x00000000a3429620,0x00000000b5f80000)
 Metaspace       used 89224K, committed 91200K, reserved 1179648K
  class space    used 9495K, committed 10368K, reserved 1048576K
}
Event: 500.447 GC heap before
{Heap before GC invocations=2193 (full 4):
 PSYoungGen      total 98816K, used 98784K [0x00000000d5580000, 0x00000000dc080000, 0x0000000100000000)
  eden space 90624K, 100% used [0x00000000d5580000,0x00000000dae00000,0x00000000dae00000)
  from space 8192K, 99% used [0x00000000db880000,0x00000000dc078000,0x00000000dc080000)
  to   space 8704K, 0% used [0x00000000daf80000,0x00000000daf80000,0x00000000db800000)
 ParOldGen       total 884224K, used 577701K [0x0000000080000000, 0x00000000b5f80000, 0x00000000d5580000)
  object space 884224K, 65% used [0x0000000080000000,0x00000000a3429620,0x00000000b5f80000)
 Metaspace       used 89225K, committed 91200K, reserved 1179648K
  class space    used 9495K, committed 10368K, reserved 1048576K
}
Event: 502.096 GC heap after
{Heap after GC invocations=2193 (full 4):
 PSYoungGen      total 100864K, used 8704K [0x00000000d5580000, 0x00000000de400000, 0x0000000100000000)
  eden space 92160K, 0% used [0x00000000d5580000,0x00000000d5580000,0x00000000daf80000)
  from space 8704K, 100% used [0x00000000daf80000,0x00000000db800000,0x00000000db800000)
  to   space 18432K, 0% used [0x00000000dd200000,0x00000000dd200000,0x00000000de400000)
 ParOldGen       total 884224K, used 585835K [0x0000000080000000, 0x00000000b5f80000, 0x00000000d5580000)
  object space 884224K, 66% used [0x0000000080000000,0x00000000a3c1ac18,0x00000000b5f80000)
 Metaspace       used 89225K, committed 91200K, reserved 1179648K
  class space    used 9495K, committed 10368K, reserved 1048576K
}
Event: 502.772 GC heap before
{Heap before GC invocations=2194 (full 4):
 PSYoungGen      total 100864K, used 100864K [0x00000000d5580000, 0x00000000de400000, 0x0000000100000000)
  eden space 92160K, 100% used [0x00000000d5580000,0x00000000daf80000,0x00000000daf80000)
  from space 8704K, 100% used [0x00000000daf80000,0x00000000db800000,0x00000000db800000)
  to   space 18432K, 0% used [0x00000000dd200000,0x00000000dd200000,0x00000000de400000)
 ParOldGen       total 884224K, used 585835K [0x0000000080000000, 0x00000000b5f80000, 0x00000000d5580000)
  object space 884224K, 66% used [0x0000000080000000,0x00000000a3c1ac18,0x00000000b5f80000)
 Metaspace       used 89236K, committed 91200K, reserved 1179648K
  class space    used 9495K, committed 10368K, reserved 1048576K
}
Event: 503.706 GC heap after
{Heap after GC invocations=2194 (full 4):
 PSYoungGen      total 125440K, used 14560K [0x00000000d5580000, 0x00000000de080000, 0x0000000100000000)
  eden space 110592K, 0% used [0x00000000d5580000,0x00000000d5580000,0x00000000dc180000)
  from space 14848K, 98% used [0x00000000dd200000,0x00000000de038018,0x00000000de080000)
  to   space 15360K, 0% used [0x00000000dc280000,0x00000000dc280000,0x00000000dd180000)
 ParOldGen       total 884224K, used 594259K [0x0000000080000000, 0x00000000b5f80000, 0x00000000d5580000)
  object space 884224K, 67% used [0x0000000080000000,0x00000000a4454c18,0x00000000b5f80000)
 Metaspace       used 89236K, committed 91200K, reserved 1179648K
  class space    used 9495K, committed 10368K, reserved 1048576K
}
Event: 507.638 GC heap before
{Heap before GC invocations=2195 (full 4):
 PSYoungGen      total 125440K, used 125152K [0x00000000d5580000, 0x00000000de080000, 0x0000000100000000)
  eden space 110592K, 100% used [0x00000000d5580000,0x00000000dc180000,0x00000000dc180000)
  from space 14848K, 98% used [0x00000000dd200000,0x00000000de038018,0x00000000de080000)
  to   space 15360K, 0% used [0x00000000dc280000,0x00000000dc280000,0x00000000dd180000)
 ParOldGen       total 884224K, used 594259K [0x0000000080000000, 0x00000000b5f80000, 0x00000000d5580000)
  object space 884224K, 67% used [0x0000000080000000,0x00000000a4454c18,0x00000000b5f80000)
 Metaspace       used 89238K, committed 91200K, reserved 1179648K
  class space    used 9495K, committed 10368K, reserved 1048576K
}
Event: 508.096 GC heap after
{Heap after GC invocations=2195 (full 4):
 PSYoungGen      total 126976K, used 10704K [0x00000000d5580000, 0x00000000def80000, 0x0000000100000000)
  eden space 111616K, 0% used [0x00000000d5580000,0x00000000d5580000,0x00000000dc280000)
  from space 15360K, 69% used [0x00000000dc280000,0x00000000dccf4010,0x00000000dd180000)
  to   space 12288K, 0% used [0x00000000de380000,0x00000000de380000,0x00000000def80000)
 ParOldGen       total 884224K, used 608383K [0x0000000080000000, 0x00000000b5f80000, 0x00000000d5580000)
  object space 884224K, 68% used [0x0000000080000000,0x00000000a521ffe0,0x00000000b5f80000)
 Metaspace       used 89238K, committed 91200K, reserved 1179648K
  class space    used 9495K, committed 10368K, reserved 1048576K
}
Event: 512.225 GC heap before
{Heap before GC invocations=2196 (full 4):
 PSYoungGen      total 126976K, used 122320K [0x00000000d5580000, 0x00000000def80000, 0x0000000100000000)
  eden space 111616K, 100% used [0x00000000d5580000,0x00000000dc280000,0x00000000dc280000)
  from space 15360K, 69% used [0x00000000dc280000,0x00000000dccf4010,0x00000000dd180000)
  to   space 12288K, 0% used [0x00000000de380000,0x00000000de380000,0x00000000def80000)
 ParOldGen       total 884224K, used 608383K [0x0000000080000000, 0x00000000b5f80000, 0x00000000d5580000)
  object space 884224K, 68% used [0x0000000080000000,0x00000000a521ffe0,0x00000000b5f80000)
 Metaspace       used 89239K, committed 91200K, reserved 1179648K
  class space    used 9495K, committed 10368K, reserved 1048576K
}
Event: 514.236 GC heap after
{Heap after GC invocations=2196 (full 4):
 PSYoungGen      total 138752K, used 4192K [0x00000000d5580000, 0x00000000de800000, 0x0000000100000000)
  eden space 134144K, 0% used [0x00000000d5580000,0x00000000d5580000,0x00000000dd880000)
  from space 4608K, 90% used [0x00000000de380000,0x00000000de798078,0x00000000de800000)
  to   space 7168K, 0% used [0x00000000dda00000,0x00000000dda00000,0x00000000de100000)
 ParOldGen       total 884224K, used 618655K [0x0000000080000000, 0x00000000b5f80000, 0x00000000d5580000)
  object space 884224K, 69% used [0x0000000080000000,0x00000000a5c27ff0,0x00000000b5f80000)
 Metaspace       used 89239K, committed 91200K, reserved 1179648K
  class space    used 9495K, committed 10368K, reserved 1048576K
}
Event: 514.708 GC heap before
{Heap before GC invocations=2197 (full 4):
 PSYoungGen      total 138752K, used 138336K [0x00000000d5580000, 0x00000000de800000, 0x0000000100000000)
  eden space 134144K, 100% used [0x00000000d5580000,0x00000000dd880000,0x00000000dd880000)
  from space 4608K, 90% used [0x00000000de380000,0x00000000de798078,0x00000000de800000)
  to   space 7168K, 0% used [0x00000000dda00000,0x00000000dda00000,0x00000000de100000)
 ParOldGen       total 884224K, used 618655K [0x0000000080000000, 0x00000000b5f80000, 0x00000000d5580000)
  object space 884224K, 69% used [0x0000000080000000,0x00000000a5c27ff0,0x00000000b5f80000)
 Metaspace       used 89241K, committed 91200K, reserved 1179648K
  class space    used 9495K, committed 10368K, reserved 1048576K
}
Event: 515.691 GC heap after
{Heap after GC invocations=2197 (full 4):
 PSYoungGen      total 142848K, used 6705K [0x00000000d5580000, 0x00000000e0200000, 0x0000000100000000)
  eden space 135680K, 0% used [0x00000000d5580000,0x00000000d5580000,0x00000000dda00000)
  from space 7168K, 93% used [0x00000000dda00000,0x00000000de08c7a0,0x00000000de100000)
  to   space 7680K, 0% used [0x00000000dfa80000,0x00000000dfa80000,0x00000000e0200000)
 ParOldGen       total 884224K, used 621996K [0x0000000080000000, 0x00000000b5f80000, 0x00000000d5580000)
  object space 884224K, 70% used [0x0000000080000000,0x00000000a5f6b1f8,0x00000000b5f80000)
 Metaspace       used 89241K, committed 91200K, reserved 1179648K
  class space    used 9495K, committed 10368K, reserved 1048576K
}
Event: 515.950 GC heap before
{Heap before GC invocations=2198 (full 4):
 PSYoungGen      total 142848K, used 142385K [0x00000000d5580000, 0x00000000e0200000, 0x0000000100000000)
  eden space 135680K, 100% used [0x00000000d5580000,0x00000000dda00000,0x00000000dda00000)
  from space 7168K, 93% used [0x00000000dda00000,0x00000000de08c7a0,0x00000000de100000)
  to   space 7680K, 0% used [0x00000000dfa80000,0x00000000dfa80000,0x00000000e0200000)
 ParOldGen       total 884224K, used 621996K [0x0000000080000000, 0x00000000b5f80000, 0x00000000d5580000)
  object space 884224K, 70% used [0x0000000080000000,0x00000000a5f6b1f8,0x00000000b5f80000)
 Metaspace       used 89241K, committed 91200K, reserved 1179648K
  class space    used 9495K, committed 10368K, reserved 1048576K
}
Event: 519.425 GC heap after
{Heap after GC invocations=2198 (full 4):
 PSYoungGen      total 154112K, used 7648K [0x00000000d5580000, 0x00000000e2080000, 0x0000000100000000)
  eden space 146432K, 0% used [0x00000000d5580000,0x00000000d5580000,0x00000000de480000)
  from space 7680K, 99% used [0x00000000dfa80000,0x00000000e01f8008,0x00000000e0200000)
  to   space 22528K, 0% used [0x00000000de480000,0x00000000de480000,0x00000000dfa80000)
 ParOldGen       total 884224K, used 634063K [0x0000000080000000, 0x00000000b5f80000, 0x00000000d5580000)
  object space 884224K, 71% used [0x0000000080000000,0x00000000a6b33dc0,0x00000000b5f80000)
 Metaspace       used 89241K, committed 91200K, reserved 1179648K
  class space    used 9495K, committed 10368K, reserved 1048576K
}
Event: 672.295 GC heap before
{Heap before GC invocations=2199 (full 4):
 PSYoungGen      total 154112K, used 153857K [0x00000000d5580000, 0x00000000e2080000, 0x0000000100000000)
  eden space 146432K, 99% used [0x00000000d5580000,0x00000000de4486a8,0x00000000de480000)
  from space 7680K, 99% used [0x00000000dfa80000,0x00000000e01f8008,0x00000000e0200000)
  to   space 22528K, 0% used [0x00000000de480000,0x00000000de480000,0x00000000dfa80000)
 ParOldGen       total 884224K, used 634063K [0x0000000080000000, 0x00000000b5f80000, 0x00000000d5580000)
  object space 884224K, 71% used [0x0000000080000000,0x00000000a6b33dc0,0x00000000b5f80000)
 Metaspace       used 89384K, committed 91392K, reserved 1179648K
  class space    used 9499K, committed 10368K, reserved 1048576K
}
Event: 678.159 GC heap after
{Heap after GC invocations=2199 (full 4):
 PSYoungGen      total 168960K, used 7678K [0x00000000d5580000, 0x00000000e1980000, 0x0000000100000000)
  eden space 146432K, 0% used [0x00000000d5580000,0x00000000d5580000,0x00000000de480000)
  from space 22528K, 34% used [0x00000000de480000,0x00000000debff9e8,0x00000000dfa80000)
  to   space 12288K, 0% used [0x00000000e0d80000,0x00000000e0d80000,0x00000000e1980000)
 ParOldGen       total 884224K, used 641176K [0x0000000080000000, 0x00000000b5f80000, 0x00000000d5580000)
  object space 884224K, 72% used [0x0000000080000000,0x00000000a72261d8,0x00000000b5f80000)
 Metaspace       used 89384K, committed 91392K, reserved 1179648K
  class space    used 9499K, committed 10368K, reserved 1048576K
}
Event: 694.903 GC heap before
{Heap before GC invocations=2200 (full 4):
 PSYoungGen      total 168960K, used 154110K [0x00000000d5580000, 0x00000000e1980000, 0x0000000100000000)
  eden space 146432K, 100% used [0x00000000d5580000,0x00000000de480000,0x00000000de480000)
  from space 22528K, 34% used [0x00000000de480000,0x00000000debff9e8,0x00000000dfa80000)
  to   space 12288K, 0% used [0x00000000e0d80000,0x00000000e0d80000,0x00000000e1980000)
 ParOldGen       total 884224K, used 641176K [0x0000000080000000, 0x00000000b5f80000, 0x00000000d5580000)
  object space 884224K, 72% used [0x0000000080000000,0x00000000a72261d8,0x00000000b5f80000)
 Metaspace       used 90493K, committed 92416K, reserved 1179648K
  class space    used 9561K, committed 10432K, reserved 1048576K
}
Event: 695.194 GC heap after
{Heap after GC invocations=2200 (full 4):
 PSYoungGen      total 179200K, used 2903K [0x00000000d5580000, 0x00000000e1080000, 0x0000000100000000)
  eden space 176128K, 0% used [0x00000000d5580000,0x00000000d5580000,0x00000000e0180000)
  from space 3072K, 94% used [0x00000000e0d80000,0x00000000e1055c78,0x00000000e1080000)
  to   space 5632K, 0% used [0x00000000e0580000,0x00000000e0580000,0x00000000e0b00000)
 ParOldGen       total 884224K, used 648051K [0x0000000080000000, 0x00000000b5f80000, 0x00000000d5580000)
  object space 884224K, 73% used [0x0000000080000000,0x00000000a78dce68,0x00000000b5f80000)
 Metaspace       used 90493K, committed 92416K, reserved 1179648K
  class space    used 9561K, committed 10432K, reserved 1048576K
}
Event: 733.305 GC heap before
{Heap before GC invocations=2201 (full 4):
 PSYoungGen      total 179200K, used 179031K [0x00000000d5580000, 0x00000000e1080000, 0x0000000100000000)
  eden space 176128K, 100% used [0x00000000d5580000,0x00000000e0180000,0x00000000e0180000)
  from space 3072K, 94% used [0x00000000e0d80000,0x00000000e1055c78,0x00000000e1080000)
  to   space 5632K, 0% used [0x00000000e0580000,0x00000000e0580000,0x00000000e0b00000)
 ParOldGen       total 884224K, used 648051K [0x0000000080000000, 0x00000000b5f80000, 0x00000000d5580000)
  object space 884224K, 73% used [0x0000000080000000,0x00000000a78dce68,0x00000000b5f80000)
 Metaspace       used 91164K, committed 93184K, reserved 1179648K
  class space    used 9603K, committed 10496K, reserved 1048576K
}
Event: 742.128 GC heap after
{Heap after GC invocations=2201 (full 4):
 PSYoungGen      total 181760K, used 5616K [0x00000000d5580000, 0x00000000e1080000, 0x0000000100000000)
  eden space 176128K, 0% used [0x00000000d5580000,0x00000000d5580000,0x00000000e0180000)
  from space 5632K, 99% used [0x00000000e0580000,0x00000000e0afc010,0x00000000e0b00000)
  to   space 3072K, 0% used [0x00000000e0d80000,0x00000000e0d80000,0x00000000e1080000)
 ParOldGen       total 884224K, used 654929K [0x0000000080000000, 0x00000000b5f80000, 0x00000000d5580000)
  object space 884224K, 74% used [0x0000000080000000,0x00000000a7f946b8,0x00000000b5f80000)
 Metaspace       used 91164K, committed 93184K, reserved 1179648K
  class space    used 9603K, committed 10496K, reserved 1048576K
}

